<?xml version="1.0" encoding="UTF-8"?>
<!-- Generated by org.testng.reporters.JUnitXMLReporter -->
<testsuite ignored="0" hostname="DESKTOP-LLCTNG7" failures="0" tests="2"
	name="LoginLogoutRegistration" time="76.018" errors="0"
	timestamp="2024-01-03T18:41:46 IST">
	<testcase classname="org.opencart.tests.LoginLogoutRegistration"
		name="loginLogoutTest" time="45.669" />
	<testcase classname="org.opencart.tests.LoginLogoutRegistration"
		name="registrationTest" time="39.619" />
</testsuite> <!--
LoginLogoutRegistration -->
