<?xml version="1.0" encoding="UTF-8"?>
<testng-results ignored="0" total="2" passed="2" failed="0" skipped="0">
	<reporter-output>
	</reporter-output>
	<suite started-at="2024-01-03T18:40:30 IST" name="Sanity Suite"
		finished-at="2024-01-03T18:41:46 IST" duration-ms="76018">
		<groups>
		</groups>
		<test started-at="2024-01-03T18:40:30 IST"
			name="LoginLogoutRegistration" finished-at="2024-01-03T18:41:46 IST"
			duration-ms="76018">
			<class name="org.opencart.tests.LoginLogoutRegistration">
				<test-method is-config="true"
					signature="setup([Ljava.lang.Object;)[pri:0, instance:org.opencart.tests.LoginLogoutRegistration@14cd1699]"
					started-at="2024-01-03T18:40:33 IST" name="setup"
					finished-at="2024-01-03T18:41:03 IST" duration-ms="29720"
					status="PASS">
					<params>
						<param index="0">
							<value>
                <![CDATA[[Ljava.lang.Object;@72ee5d84]]>
              </value>
						</param>
					</params>
					<reporter-output>
					</reporter-output>
				</test-method> <!--
				setup -->
				<test-method is-config="true"
					signature="setup([Ljava.lang.Object;)[pri:0, instance:org.opencart.tests.LoginLogoutRegistration@14cd1699]"
					started-at="2024-01-03T18:40:33 IST" name="setup"
					finished-at="2024-01-03T18:40:40 IST" duration-ms="6732"
					status="PASS">
					<params>
						<param index="0">
							<value>
                <![CDATA[[Ljava.lang.Object;@68c7ef83]]>
              </value>
						</param>
					</params>
					<reporter-output>
					</reporter-output>
				</test-method> <!--
				setup -->
				<test-method
					signature="loginLogoutTest(java.util.Map)[pri:0, instance:org.opencart.tests.LoginLogoutRegistration@14cd1699]"
					started-at="2024-01-03T18:40:40 IST" name="loginLogoutTest"
					data-provider="dataSupplier"
					finished-at="2024-01-03T18:41:26 IST" duration-ms="45669"
					status="PASS">
					<params>
						<param index="0">
							<value>
                <![CDATA[{firstname=, password=Testpass@123, testcase name=loginLogoutTest, browser=chrome, description=To verify login logout functionality with valid credentials, telephone=, execute=Yes, version=120.0, email=coderanonymous07@gmail.com, lastname=}]]>
              </value>
						</param>
					</params>
					<reporter-output>
					</reporter-output>
				</test-method> <!--
				loginLogoutTest -->
				<test-method
					signature="registrationTest(java.util.Map)[pri:0, instance:org.opencart.tests.LoginLogoutRegistration@14cd1699]"
					started-at="2024-01-03T18:41:03 IST" name="registrationTest"
					data-provider="dataSupplier"
					finished-at="2024-01-03T18:41:42 IST" duration-ms="39619"
					status="PASS">
					<params>
						<param index="0">
							<value>
                <![CDATA[{firstname=Tom, password=Testpass@123, testcase name=registrationTest, browser=Firefox, description=To verify registration functionality with valid testdata, telephone=6576409987, execute=Yes, version=120.0, email=tom.hanks1@gmail.com, lastname=Hanks}]]>
              </value>
						</param>
					</params>
					<reporter-output>
					</reporter-output>
				</test-method> <!--
				registrationTest -->
				<test-method is-config="true"
					signature="teardown()[pri:0, instance:org.opencart.tests.LoginLogoutRegistration@14cd1699]"
					started-at="2024-01-03T18:41:26 IST" name="teardown"
					finished-at="2024-01-03T18:41:27 IST" duration-ms="918"
					status="PASS">
					<reporter-output>
					</reporter-output>
				</test-method> <!--
				teardown -->
				<test-method is-config="true"
					signature="teardown()[pri:0, instance:org.opencart.tests.LoginLogoutRegistration@14cd1699]"
					started-at="2024-01-03T18:41:42 IST" name="teardown"
					finished-at="2024-01-03T18:41:46 IST" duration-ms="3269"
					status="PASS">
					<reporter-output>
					</reporter-output>
				</test-method> <!--
				teardown -->
			</class> <!--
			org.opencart.tests.LoginLogoutRegistration -->
		</test> <!--
		LoginLogoutRegistration -->
	</suite> <!--
	Sanity Suite -->
</testng-results>
